# JRE version: OpenJDK Runtime Environment Corretto-11.0.16.9.1 (11.0.16.1+9) (build 11.0.16.1+9-LTS)
# Java VM: OpenJDK 64-Bit Server VM Corretto-11.0.16.9.1 (11.0.16.1+9-LTS, mixed mode, tiered, compressed oops, g1 gc, linux-amd64)
Heap:
 garbage-first heap   total 638976K, used 202281K [0x000000060b600000, 0x0000000800000000)
  region size 2048K, 96 young (196608K), 8 survivors (16384K)
 Metaspace       used 54544K, capacity 56041K, committed 56312K, reserved 1097728K
  class space    used 6794K, capacity 7407K, committed 7500K, reserved 1048576K
GC Heap History (14 events):
Event: 0.497 GC heap before
{Heap before GC invocations=0 (full 0):
 garbage-first heap   total 514048K, used 22528K [0x000000060b600000, 0x0000000800000000)
  region size 2048K, 12 young (24576K), 0 survivors (0K)
 Metaspace       used 10411K, capacity 10633K, committed 10880K, reserved 1058816K
  class space    used 973K, capacity 1065K, committed 1152K, reserved 1048576K
}
Event: 0.556 GC heap after
{Heap after GC invocations=1 (full 0):
 garbage-first heap   total 514048K, used 9231K [0x000000060b600000, 0x0000000800000000)
  region size 2048K, 2 young (4096K), 2 survivors (4096K)
 Metaspace       used 10411K, capacity 10633K, committed 10880K, reserved 1058816K
  class space    used 973K, capacity 1065K, committed 1152K, reserved 1048576K
}
Event: 0.849 GC heap before
{Heap before GC invocations=1 (full 0):
 garbage-first heap   total 514048K, used 29711K [0x000000060b600000, 0x0000000800000000)
  region size 2048K, 12 young (24576K), 2 survivors (4096K)
 Metaspace       used 14728K, capacity 15187K, committed 15360K, reserved 1062912K
  class space    used 1502K, capacity 1675K, committed 1792K, reserved 1048576K
}
Event: 0.852 GC heap after
{Heap after GC invocations=2 (full 0):
 garbage-first heap   total 514048K, used 10147K [0x000000060b600000, 0x0000000800000000)
  region size 2048K, 1 young (2048K), 1 survivors (2048K)
 Metaspace       used 14728K, capacity 15187K, committed 15360K, reserved 1062912K
  class space    used 1502K, capacity 1675K, committed 1792K, reserved 1048576K
}
Event: 1.204 GC heap before
{Heap before GC invocations=2 (full 0):
 garbage-first heap   total 514048K, used 42915K [0x000000060b600000, 0x0000000800000000)
  region size 2048K, 18 young (36864K), 1 survivors (2048K)
 Metaspace       used 20562K, capacity 21158K, committed 21248K, reserved 1069056K
  class space    used 2239K, capacity 2480K, committed 2560K, reserved 1048576K
}
Event: 1.211 GC heap after
{Heap after GC invocations=3 (full 0):
 garbage-first heap   total 514048K, used 11683K [0x000000060b600000, 0x0000000800000000)
  region size 2048K, 2 young (4096K), 2 survivors (4096K)
 Metaspace       used 20562K, capacity 21158K, committed 21248K, reserved 1069056K
  class space    used 2239K, capacity 2480K, committed 2560K, reserved 1048576K
}
Event: 1.699 GC heap before
{Heap before GC invocations=4 (full 0):
 garbage-first heap   total 514048K, used 66979K [0x000000060b600000, 0x0000000800000000)
  region size 2048K, 29 young (59392K), 2 survivors (4096K)
 Metaspace       used 27754K, capacity 28652K, committed 28800K, reserved 1075200K
  class space    used 3337K, capacity 3672K, committed 3712K, reserved 1048576K
}
Event: 1.713 GC heap after
{Heap after GC invocations=5 (full 0):
 garbage-first heap   total 514048K, used 14342K [0x000000060b600000, 0x0000000800000000)
  region size 2048K, 3 young (6144K), 3 survivors (6144K)
 Metaspace       used 27754K, capacity 28652K, committed 28800K, reserved 1075200K
  class space    used 3337K, capacity 3672K, committed 3712K, reserved 1048576K
}
Event: 2.417 GC heap before
{Heap before GC invocations=6 (full 0):
 garbage-first heap   total 514048K, used 120838K [0x000000060b600000, 0x0000000800000000)
  region size 2048K, 55 young (112640K), 3 survivors (6144K)
 Metaspace       used 35005K, capacity 36017K, committed 36352K, reserved 1081344K
  class space    used 4142K, capacity 4541K, committed 4608K, reserved 1048576K
}
Event: 2.423 GC heap after
{Heap after GC invocations=7 (full 0):
 garbage-first heap   total 638976K, used 17837K [0x000000060b600000, 0x0000000800000000)
  region size 2048K, 5 young (10240K), 5 survivors (10240K)
 Metaspace       used 35005K, capacity 36017K, committed 36352K, reserved 1081344K
  class space    used 4142K, capacity 4541K, committed 4608K, reserved 1048576K
}
Event: 4.273 GC heap before
{Heap before GC invocations=7 (full 0):
 garbage-first heap   total 638976K, used 167341K [0x000000060b600000, 0x0000000800000000)
  region size 2048K, 78 young (159744K), 5 survivors (10240K)
 Metaspace       used 45339K, capacity 46568K, committed 46720K, reserved 1089536K
  class space    used 5547K, capacity 6011K, committed 6016K, reserved 1048576K
}
Event: 4.282 GC heap after
{Heap after GC invocations=8 (full 0):
 garbage-first heap   total 638976K, used 22613K [0x000000060b600000, 0x0000000800000000)
  region size 2048K, 7 young (14336K), 7 survivors (14336K)
 Metaspace       used 45339K, capacity 46568K, committed 46720K, reserved 1089536K
  class space    used 5547K, capacity 6011K, committed 6016K, reserved 1048576K
}
Event: 4.574 GC heap before
{Heap before GC invocations=8 (full 0):
 garbage-first heap   total 638976K, used 49237K [0x000000060b600000, 0x0000000800000000)
  region size 2048K, 21 young (43008K), 7 survivors (14336K)
 Metaspace       used 47131K, capacity 48349K, committed 48428K, reserved 1091584K
  class space    used 5754K, capacity 6243K, committed 6272K, reserved 1048576K
}
Event: 4.594 GC heap after
{Heap after GC invocations=9 (full 0):
 garbage-first heap   total 638976K, used 24105K [0x000000060b600000, 0x0000000800000000)
  region size 2048K, 8 young (16384K), 8 survivors (16384K)
 Metaspace       used 47131K, capacity 48349K, committed 48428K, reserved 1091584K
  class space    used 5754K, capacity 6243K, committed 6272K, reserved 1048576K
}

